{"/home/ArtemisDevOps/Arkham-Dev/Arkham-api/app.js": {"path":"/home/ArtemisDevOps/Arkham-Dev/Arkham-api/app.js","statementMap":{"0":{"start":{"line":13,"column":12},"end":{"line":13,"column":21}},"1":{"start":{"line":17,"column":19},"end":{"line":17,"column":21}},"2":{"start":{"line":23,"column":0},"end":{"line":23,"column":27}},"3":{"start":{"line":25,"column":0},"end":{"line":25,"column":16}},"4":{"start":{"line":26,"column":0},"end":{"line":26,"column":23}},"5":{"start":{"line":28,"column":0},"end":{"line":28,"column":19}},"6":{"start":{"line":81,"column":0},"end":{"line":83,"column":3}},"7":{"start":{"line":82,"column":4},"end":{"line":82,"column":40}},"8":{"start":{"line":91,"column":0},"end":{"line":106,"column":3}},"9":{"start":{"line":93,"column":4},"end":{"line":105,"column":5}},"10":{"start":{"line":94,"column":8},"end":{"line":100,"column":11}},"11":{"start":{"line":96,"column":14},"end":{"line":96,"column":41}},"12":{"start":{"line":99,"column":12},"end":{"line":99,"column":65}},"13":{"start":{"line":103,"column":6},"end":{"line":103,"column":63}},"14":{"start":{"line":104,"column":6},"end":{"line":104,"column":25}},"15":{"start":{"line":113,"column":0},"end":{"line":128,"column":3}},"16":{"start":{"line":115,"column":4},"end":{"line":127,"column":5}},"17":{"start":{"line":116,"column":8},"end":{"line":122,"column":15}},"18":{"start":{"line":118,"column":16},"end":{"line":118,"column":42}},"19":{"start":{"line":121,"column":16},"end":{"line":121,"column":69}},"20":{"start":{"line":125,"column":6},"end":{"line":125,"column":63}},"21":{"start":{"line":126,"column":6},"end":{"line":126,"column":25}},"22":{"start":{"line":131,"column":0},"end":{"line":147,"column":3}},"23":{"start":{"line":132,"column":4},"end":{"line":146,"column":5}},"24":{"start":{"line":133,"column":21},"end":{"line":133,"column":32}},"25":{"start":{"line":135,"column":8},"end":{"line":141,"column":14}},"26":{"start":{"line":137,"column":16},"end":{"line":137,"column":43}},"27":{"start":{"line":140,"column":16},"end":{"line":140,"column":61}},"28":{"start":{"line":144,"column":6},"end":{"line":144,"column":64}},"29":{"start":{"line":145,"column":6},"end":{"line":145,"column":25}},"30":{"start":{"line":150,"column":0},"end":{"line":168,"column":3}},"31":{"start":{"line":151,"column":4},"end":{"line":165,"column":5}},"32":{"start":{"line":152,"column":33},"end":{"line":152,"column":44}},"33":{"start":{"line":154,"column":8},"end":{"line":160,"column":15}},"34":{"start":{"line":156,"column":16},"end":{"line":156,"column":43}},"35":{"start":{"line":159,"column":16},"end":{"line":159,"column":61}},"36":{"start":{"line":163,"column":6},"end":{"line":163,"column":58}},"37":{"start":{"line":164,"column":6},"end":{"line":164,"column":25}},"38":{"start":{"line":171,"column":0},"end":{"line":189,"column":2}},"39":{"start":{"line":172,"column":4},"end":{"line":187,"column":5}},"40":{"start":{"line":173,"column":29},"end":{"line":173,"column":40}},"41":{"start":{"line":176,"column":8},"end":{"line":182,"column":14}},"42":{"start":{"line":178,"column":16},"end":{"line":178,"column":43}},"43":{"start":{"line":181,"column":16},"end":{"line":181,"column":63}},"44":{"start":{"line":185,"column":6},"end":{"line":185,"column":60}},"45":{"start":{"line":186,"column":6},"end":{"line":186,"column":25}},"46":{"start":{"line":192,"column":0},"end":{"line":209,"column":2}},"47":{"start":{"line":193,"column":4},"end":{"line":207,"column":5}},"48":{"start":{"line":194,"column":41},"end":{"line":194,"column":52}},"49":{"start":{"line":196,"column":8},"end":{"line":202,"column":15}},"50":{"start":{"line":198,"column":16},"end":{"line":198,"column":43}},"51":{"start":{"line":201,"column":16},"end":{"line":201,"column":63}},"52":{"start":{"line":205,"column":6},"end":{"line":205,"column":60}},"53":{"start":{"line":206,"column":6},"end":{"line":206,"column":25}},"54":{"start":{"line":218,"column":0},"end":{"line":239,"column":3}},"55":{"start":{"line":222,"column":4},"end":{"line":237,"column":5}},"56":{"start":{"line":223,"column":23},"end":{"line":223,"column":34}},"57":{"start":{"line":224,"column":8},"end":{"line":224,"column":51}},"58":{"start":{"line":225,"column":8},"end":{"line":232,"column":15}},"59":{"start":{"line":227,"column":20},"end":{"line":227,"column":51}},"60":{"start":{"line":228,"column":20},"end":{"line":228,"column":47}},"61":{"start":{"line":231,"column":16},"end":{"line":231,"column":61}},"62":{"start":{"line":235,"column":6},"end":{"line":235,"column":58}},"63":{"start":{"line":236,"column":6},"end":{"line":236,"column":25}},"64":{"start":{"line":251,"column":0},"end":{"line":267,"column":3}},"65":{"start":{"line":252,"column":4},"end":{"line":266,"column":5}},"66":{"start":{"line":253,"column":33},"end":{"line":253,"column":44}},"67":{"start":{"line":255,"column":8},"end":{"line":261,"column":15}},"68":{"start":{"line":257,"column":16},"end":{"line":257,"column":43}},"69":{"start":{"line":260,"column":16},"end":{"line":260,"column":61}},"70":{"start":{"line":264,"column":6},"end":{"line":264,"column":58}},"71":{"start":{"line":265,"column":6},"end":{"line":265,"column":25}},"72":{"start":{"line":277,"column":0},"end":{"line":296,"column":3}},"73":{"start":{"line":279,"column":4},"end":{"line":293,"column":5}},"74":{"start":{"line":280,"column":33},"end":{"line":280,"column":44}},"75":{"start":{"line":282,"column":8},"end":{"line":288,"column":15}},"76":{"start":{"line":284,"column":16},"end":{"line":284,"column":43}},"77":{"start":{"line":287,"column":16},"end":{"line":287,"column":64}},"78":{"start":{"line":291,"column":6},"end":{"line":291,"column":61}},"79":{"start":{"line":292,"column":6},"end":{"line":292,"column":25}},"80":{"start":{"line":304,"column":0},"end":{"line":325,"column":3}},"81":{"start":{"line":305,"column":4},"end":{"line":324,"column":5}},"82":{"start":{"line":306,"column":21},"end":{"line":306,"column":32}},"83":{"start":{"line":308,"column":8},"end":{"line":319,"column":14}},"84":{"start":{"line":311,"column":16},"end":{"line":315,"column":85}},"85":{"start":{"line":313,"column":24},"end":{"line":313,"column":51}},"86":{"start":{"line":315,"column":36},"end":{"line":315,"column":84}},"87":{"start":{"line":318,"column":16},"end":{"line":318,"column":74}},"88":{"start":{"line":322,"column":6},"end":{"line":322,"column":61}},"89":{"start":{"line":323,"column":6},"end":{"line":323,"column":25}}},"fnMap":{"0":{"name":"(anonymous_0)","decl":{"start":{"line":81,"column":13},"end":{"line":81,"column":14}},"loc":{"start":{"line":81,"column":27},"end":{"line":83,"column":1}},"line":81},"1":{"name":"(anonymous_1)","decl":{"start":{"line":91,"column":21},"end":{"line":91,"column":22}},"loc":{"start":{"line":91,"column":35},"end":{"line":106,"column":1}},"line":91},"2":{"name":"(anonymous_2)","decl":{"start":{"line":95,"column":15},"end":{"line":95,"column":16}},"loc":{"start":{"line":95,"column":23},"end":{"line":97,"column":11}},"line":95},"3":{"name":"(anonymous_3)","decl":{"start":{"line":98,"column":15},"end":{"line":98,"column":16}},"loc":{"start":{"line":98,"column":24},"end":{"line":100,"column":9}},"line":98},"4":{"name":"(anonymous_4)","decl":{"start":{"line":113,"column":21},"end":{"line":113,"column":22}},"loc":{"start":{"line":113,"column":35},"end":{"line":128,"column":1}},"line":113},"5":{"name":"(anonymous_5)","decl":{"start":{"line":117,"column":19},"end":{"line":117,"column":20}},"loc":{"start":{"line":117,"column":29},"end":{"line":119,"column":13}},"line":117},"6":{"name":"(anonymous_6)","decl":{"start":{"line":120,"column":19},"end":{"line":120,"column":20}},"loc":{"start":{"line":120,"column":28},"end":{"line":122,"column":13}},"line":120},"7":{"name":"(anonymous_7)","decl":{"start":{"line":131,"column":17},"end":{"line":131,"column":18}},"loc":{"start":{"line":131,"column":31},"end":{"line":147,"column":1}},"line":131},"8":{"name":"(anonymous_8)","decl":{"start":{"line":136,"column":18},"end":{"line":136,"column":19}},"loc":{"start":{"line":136,"column":28},"end":{"line":138,"column":13}},"line":136},"9":{"name":"(anonymous_9)","decl":{"start":{"line":139,"column":19},"end":{"line":139,"column":20}},"loc":{"start":{"line":139,"column":28},"end":{"line":141,"column":13}},"line":139},"10":{"name":"(anonymous_10)","decl":{"start":{"line":150,"column":17},"end":{"line":150,"column":18}},"loc":{"start":{"line":150,"column":31},"end":{"line":168,"column":1}},"line":150},"11":{"name":"(anonymous_11)","decl":{"start":{"line":155,"column":18},"end":{"line":155,"column":19}},"loc":{"start":{"line":155,"column":28},"end":{"line":157,"column":13}},"line":155},"12":{"name":"(anonymous_12)","decl":{"start":{"line":158,"column":19},"end":{"line":158,"column":20}},"loc":{"start":{"line":158,"column":28},"end":{"line":160,"column":13}},"line":158},"13":{"name":"(anonymous_13)","decl":{"start":{"line":171,"column":19},"end":{"line":171,"column":20}},"loc":{"start":{"line":171,"column":33},"end":{"line":189,"column":1}},"line":171},"14":{"name":"(anonymous_14)","decl":{"start":{"line":177,"column":18},"end":{"line":177,"column":19}},"loc":{"start":{"line":177,"column":28},"end":{"line":179,"column":13}},"line":177},"15":{"name":"(anonymous_15)","decl":{"start":{"line":180,"column":19},"end":{"line":180,"column":20}},"loc":{"start":{"line":180,"column":28},"end":{"line":182,"column":13}},"line":180},"16":{"name":"(anonymous_16)","decl":{"start":{"line":192,"column":19},"end":{"line":192,"column":20}},"loc":{"start":{"line":192,"column":33},"end":{"line":209,"column":1}},"line":192},"17":{"name":"(anonymous_17)","decl":{"start":{"line":197,"column":18},"end":{"line":197,"column":19}},"loc":{"start":{"line":197,"column":28},"end":{"line":199,"column":13}},"line":197},"18":{"name":"(anonymous_18)","decl":{"start":{"line":200,"column":19},"end":{"line":200,"column":20}},"loc":{"start":{"line":200,"column":28},"end":{"line":202,"column":13}},"line":200},"19":{"name":"(anonymous_19)","decl":{"start":{"line":218,"column":18},"end":{"line":218,"column":19}},"loc":{"start":{"line":218,"column":32},"end":{"line":239,"column":1}},"line":218},"20":{"name":"(anonymous_20)","decl":{"start":{"line":226,"column":18},"end":{"line":226,"column":19}},"loc":{"start":{"line":226,"column":28},"end":{"line":229,"column":13}},"line":226},"21":{"name":"(anonymous_21)","decl":{"start":{"line":230,"column":19},"end":{"line":230,"column":20}},"loc":{"start":{"line":230,"column":28},"end":{"line":232,"column":13}},"line":230},"22":{"name":"(anonymous_22)","decl":{"start":{"line":251,"column":18},"end":{"line":251,"column":19}},"loc":{"start":{"line":251,"column":32},"end":{"line":267,"column":1}},"line":251},"23":{"name":"(anonymous_23)","decl":{"start":{"line":256,"column":18},"end":{"line":256,"column":19}},"loc":{"start":{"line":256,"column":28},"end":{"line":258,"column":13}},"line":256},"24":{"name":"(anonymous_24)","decl":{"start":{"line":259,"column":19},"end":{"line":259,"column":20}},"loc":{"start":{"line":259,"column":28},"end":{"line":261,"column":13}},"line":259},"25":{"name":"(anonymous_25)","decl":{"start":{"line":277,"column":20},"end":{"line":277,"column":21}},"loc":{"start":{"line":277,"column":34},"end":{"line":296,"column":1}},"line":277},"26":{"name":"(anonymous_26)","decl":{"start":{"line":283,"column":18},"end":{"line":283,"column":19}},"loc":{"start":{"line":283,"column":28},"end":{"line":285,"column":13}},"line":283},"27":{"name":"(anonymous_27)","decl":{"start":{"line":286,"column":19},"end":{"line":286,"column":20}},"loc":{"start":{"line":286,"column":28},"end":{"line":288,"column":13}},"line":286},"28":{"name":"(anonymous_28)","decl":{"start":{"line":304,"column":20},"end":{"line":304,"column":21}},"loc":{"start":{"line":304,"column":34},"end":{"line":325,"column":1}},"line":304},"29":{"name":"(anonymous_29)","decl":{"start":{"line":309,"column":18},"end":{"line":309,"column":19}},"loc":{"start":{"line":309,"column":28},"end":{"line":316,"column":13}},"line":309},"30":{"name":"(anonymous_30)","decl":{"start":{"line":312,"column":26},"end":{"line":312,"column":27}},"loc":{"start":{"line":312,"column":36},"end":{"line":314,"column":21}},"line":312},"31":{"name":"(anonymous_31)","decl":{"start":{"line":315,"column":27},"end":{"line":315,"column":28}},"loc":{"start":{"line":315,"column":36},"end":{"line":315,"column":84}},"line":315},"32":{"name":"(anonymous_32)","decl":{"start":{"line":317,"column":19},"end":{"line":317,"column":20}},"loc":{"start":{"line":317,"column":28},"end":{"line":319,"column":13}},"line":317}},"branchMap":{},"s":{"0":3,"1":3,"2":3,"3":3,"4":3,"5":3,"6":3,"7":1,"8":3,"9":2,"10":2,"11":2,"12":0,"13":0,"14":0,"15":3,"16":2,"17":2,"18":2,"19":0,"20":0,"21":0,"22":3,"23":1,"24":1,"25":1,"26":1,"27":0,"28":0,"29":0,"30":3,"31":0,"32":0,"33":0,"34":0,"35":0,"36":0,"37":0,"38":3,"39":0,"40":0,"41":0,"42":0,"43":0,"44":0,"45":0,"46":3,"47":0,"48":0,"49":0,"50":0,"51":0,"52":0,"53":0,"54":3,"55":1,"56":1,"57":1,"58":1,"59":1,"60":1,"61":0,"62":0,"63":0,"64":3,"65":0,"66":0,"67":0,"68":0,"69":0,"70":0,"71":0,"72":3,"73":0,"74":0,"75":0,"76":0,"77":0,"78":0,"79":0,"80":3,"81":2,"82":2,"83":2,"84":2,"85":2,"86":0,"87":0,"88":0,"89":0},"f":{"0":1,"1":2,"2":2,"3":0,"4":2,"5":2,"6":0,"7":1,"8":1,"9":0,"10":0,"11":0,"12":0,"13":0,"14":0,"15":0,"16":0,"17":0,"18":0,"19":1,"20":1,"21":0,"22":0,"23":0,"24":0,"25":0,"26":0,"27":0,"28":2,"29":2,"30":2,"31":0,"32":0},"b":{},"_coverageSchema":"1a1c01bbd47fc00a2c39e90264f33305004495a9","hash":"24c8ee4b2e6bd5246676d08fb67ba0a4424fe980"}
,"/home/ArtemisDevOps/Arkham-Dev/Arkham-api/knexfile.js": {"path":"/home/ArtemisDevOps/Arkham-Dev/Arkham-api/knexfile.js","statementMap":{"0":{"start":{"line":15,"column":27},"end":{"line":18,"column":1}},"1":{"start":{"line":20,"column":23},"end":{"line":34,"column":1}},"2":{"start":{"line":35,"column":26},"end":{"line":49,"column":1}}},"fnMap":{},"branchMap":{},"s":{"0":3,"1":3,"2":3},"f":{},"b":{},"_coverageSchema":"1a1c01bbd47fc00a2c39e90264f33305004495a9","hash":"12b1c3920b0816468b258227ed66f54606e1e723"}
,"/home/ArtemisDevOps/Arkham-Dev/Arkham-api/controllers/index.js": {"path":"/home/ArtemisDevOps/Arkham-Dev/Arkham-api/controllers/index.js","statementMap":{"0":{"start":{"line":10,"column":18},"end":{"line":10,"column":35}},"1":{"start":{"line":20,"column":6},"end":{"line":23,"column":25}},"2":{"start":{"line":27,"column":8},"end":{"line":30,"column":27}},"3":{"start":{"line":36,"column":8},"end":{"line":38,"column":27}},"4":{"start":{"line":45,"column":8},"end":{"line":45,"column":53}},"5":{"start":{"line":46,"column":8},"end":{"line":48,"column":27}},"6":{"start":{"line":52,"column":8},"end":{"line":56,"column":19}},"7":{"start":{"line":67,"column":8},"end":{"line":67,"column":56}},"8":{"start":{"line":68,"column":8},"end":{"line":72,"column":18}},"9":{"start":{"line":76,"column":8},"end":{"line":79,"column":19}},"10":{"start":{"line":95,"column":8},"end":{"line":98,"column":28}},"11":{"start":{"line":102,"column":8},"end":{"line":106,"column":33}},"12":{"start":{"line":110,"column":8},"end":{"line":113,"column":27}}},"fnMap":{"0":{"name":"(anonymous_0)","decl":{"start":{"line":15,"column":4},"end":{"line":15,"column":5}},"loc":{"start":{"line":15,"column":17},"end":{"line":16,"column":5}},"line":15},"1":{"name":"(anonymous_1)","decl":{"start":{"line":19,"column":4},"end":{"line":19,"column":5}},"loc":{"start":{"line":19,"column":25},"end":{"line":24,"column":5}},"line":19},"2":{"name":"(anonymous_2)","decl":{"start":{"line":26,"column":4},"end":{"line":26,"column":5}},"loc":{"start":{"line":26,"column":26},"end":{"line":31,"column":5}},"line":26},"3":{"name":"(anonymous_3)","decl":{"start":{"line":34,"column":4},"end":{"line":34,"column":5}},"loc":{"start":{"line":34,"column":26},"end":{"line":39,"column":5}},"line":34},"4":{"name":"(anonymous_4)","decl":{"start":{"line":41,"column":4},"end":{"line":41,"column":5}},"loc":{"start":{"line":41,"column":30},"end":{"line":49,"column":5}},"line":41},"5":{"name":"(anonymous_5)","decl":{"start":{"line":51,"column":4},"end":{"line":51,"column":5}},"loc":{"start":{"line":51,"column":29},"end":{"line":57,"column":5}},"line":51},"6":{"name":"(anonymous_6)","decl":{"start":{"line":66,"column":4},"end":{"line":66,"column":5}},"loc":{"start":{"line":66,"column":39},"end":{"line":73,"column":5}},"line":66},"7":{"name":"(anonymous_7)","decl":{"start":{"line":75,"column":4},"end":{"line":75,"column":5}},"loc":{"start":{"line":75,"column":24},"end":{"line":80,"column":5}},"line":75},"8":{"name":"(anonymous_8)","decl":{"start":{"line":94,"column":4},"end":{"line":94,"column":5}},"loc":{"start":{"line":94,"column":23},"end":{"line":99,"column":5}},"line":94},"9":{"name":"(anonymous_9)","decl":{"start":{"line":101,"column":4},"end":{"line":101,"column":5}},"loc":{"start":{"line":101,"column":29},"end":{"line":107,"column":5}},"line":101},"10":{"name":"(anonymous_10)","decl":{"start":{"line":109,"column":4},"end":{"line":109,"column":5}},"loc":{"start":{"line":109,"column":33},"end":{"line":115,"column":5}},"line":109}},"branchMap":{},"s":{"0":3,"1":3,"2":3,"3":4,"4":2,"5":2,"6":1,"7":2,"8":2,"9":4,"10":4,"11":3,"12":1},"f":{"0":0,"1":3,"2":3,"3":4,"4":2,"5":1,"6":2,"7":4,"8":4,"9":3,"10":1},"b":{},"_coverageSchema":"1a1c01bbd47fc00a2c39e90264f33305004495a9","hash":"fba706c0b2569327def7833aaf6199a06fe49d24"}
}
