{"/home/ArtemisDevOps/Arkham-Dev/Arkham-api/app.js": {"path":"/home/ArtemisDevOps/Arkham-Dev/Arkham-api/app.js","statementMap":{"0":{"start":{"line":19,"column":12},"end":{"line":19,"column":21}},"1":{"start":{"line":22,"column":23},"end":{"line":29,"column":2}},"2":{"start":{"line":24,"column":8},"end":{"line":24,"column":30}},"3":{"start":{"line":27,"column":8},"end":{"line":27,"column":51}},"4":{"start":{"line":31,"column":15},"end":{"line":31,"column":41}},"5":{"start":{"line":36,"column":19},"end":{"line":36,"column":21}},"6":{"start":{"line":46,"column":0},"end":{"line":46,"column":27}},"7":{"start":{"line":48,"column":0},"end":{"line":48,"column":16}},"8":{"start":{"line":49,"column":0},"end":{"line":49,"column":23}},"9":{"start":{"line":52,"column":0},"end":{"line":52,"column":19}},"10":{"start":{"line":105,"column":0},"end":{"line":107,"column":3}},"11":{"start":{"line":106,"column":4},"end":{"line":106,"column":40}},"12":{"start":{"line":115,"column":0},"end":{"line":130,"column":3}},"13":{"start":{"line":117,"column":4},"end":{"line":129,"column":5}},"14":{"start":{"line":118,"column":8},"end":{"line":124,"column":11}},"15":{"start":{"line":120,"column":14},"end":{"line":120,"column":41}},"16":{"start":{"line":123,"column":12},"end":{"line":123,"column":65}},"17":{"start":{"line":127,"column":6},"end":{"line":127,"column":63}},"18":{"start":{"line":128,"column":6},"end":{"line":128,"column":25}},"19":{"start":{"line":137,"column":0},"end":{"line":154,"column":3}},"20":{"start":{"line":139,"column":4},"end":{"line":153,"column":5}},"21":{"start":{"line":140,"column":21},"end":{"line":140,"column":32}},"22":{"start":{"line":142,"column":8},"end":{"line":148,"column":15}},"23":{"start":{"line":144,"column":16},"end":{"line":144,"column":42}},"24":{"start":{"line":147,"column":16},"end":{"line":147,"column":69}},"25":{"start":{"line":151,"column":6},"end":{"line":151,"column":63}},"26":{"start":{"line":152,"column":6},"end":{"line":152,"column":25}},"27":{"start":{"line":159,"column":0},"end":{"line":176,"column":3}},"28":{"start":{"line":160,"column":4},"end":{"line":175,"column":5}},"29":{"start":{"line":161,"column":33},"end":{"line":161,"column":44}},"30":{"start":{"line":163,"column":8},"end":{"line":170,"column":15}},"31":{"start":{"line":165,"column":16},"end":{"line":165,"column":43}},"32":{"start":{"line":166,"column":16},"end":{"line":166,"column":25}},"33":{"start":{"line":169,"column":16},"end":{"line":169,"column":61}},"34":{"start":{"line":173,"column":6},"end":{"line":173,"column":58}},"35":{"start":{"line":174,"column":6},"end":{"line":174,"column":25}},"36":{"start":{"line":181,"column":0},"end":{"line":198,"column":2}},"37":{"start":{"line":182,"column":4},"end":{"line":196,"column":5}},"38":{"start":{"line":183,"column":23},"end":{"line":183,"column":34}},"39":{"start":{"line":185,"column":8},"end":{"line":191,"column":15}},"40":{"start":{"line":187,"column":16},"end":{"line":187,"column":43}},"41":{"start":{"line":190,"column":16},"end":{"line":190,"column":63}},"42":{"start":{"line":194,"column":6},"end":{"line":194,"column":60}},"43":{"start":{"line":195,"column":6},"end":{"line":195,"column":25}},"44":{"start":{"line":207,"column":0},"end":{"line":228,"column":3}},"45":{"start":{"line":211,"column":4},"end":{"line":226,"column":5}},"46":{"start":{"line":212,"column":23},"end":{"line":212,"column":34}},"47":{"start":{"line":213,"column":8},"end":{"line":213,"column":51}},"48":{"start":{"line":214,"column":8},"end":{"line":221,"column":15}},"49":{"start":{"line":216,"column":20},"end":{"line":216,"column":51}},"50":{"start":{"line":217,"column":20},"end":{"line":217,"column":47}},"51":{"start":{"line":220,"column":16},"end":{"line":220,"column":61}},"52":{"start":{"line":224,"column":6},"end":{"line":224,"column":58}},"53":{"start":{"line":225,"column":6},"end":{"line":225,"column":25}},"54":{"start":{"line":230,"column":0},"end":{"line":244,"column":2}},"55":{"start":{"line":231,"column":4},"end":{"line":243,"column":5}},"56":{"start":{"line":232,"column":23},"end":{"line":232,"column":34}},"57":{"start":{"line":233,"column":8},"end":{"line":233,"column":37}},"58":{"start":{"line":235,"column":8},"end":{"line":238,"column":14}},"59":{"start":{"line":237,"column":16},"end":{"line":237,"column":43}},"60":{"start":{"line":241,"column":6},"end":{"line":241,"column":60}},"61":{"start":{"line":242,"column":6},"end":{"line":242,"column":25}},"62":{"start":{"line":256,"column":0},"end":{"line":272,"column":3}},"63":{"start":{"line":257,"column":4},"end":{"line":271,"column":5}},"64":{"start":{"line":258,"column":33},"end":{"line":258,"column":44}},"65":{"start":{"line":260,"column":8},"end":{"line":266,"column":15}},"66":{"start":{"line":262,"column":16},"end":{"line":262,"column":43}},"67":{"start":{"line":265,"column":16},"end":{"line":265,"column":61}},"68":{"start":{"line":269,"column":6},"end":{"line":269,"column":58}},"69":{"start":{"line":270,"column":6},"end":{"line":270,"column":25}},"70":{"start":{"line":282,"column":0},"end":{"line":301,"column":3}},"71":{"start":{"line":284,"column":4},"end":{"line":298,"column":5}},"72":{"start":{"line":285,"column":33},"end":{"line":285,"column":44}},"73":{"start":{"line":287,"column":8},"end":{"line":293,"column":15}},"74":{"start":{"line":289,"column":16},"end":{"line":289,"column":43}},"75":{"start":{"line":292,"column":16},"end":{"line":292,"column":64}},"76":{"start":{"line":296,"column":6},"end":{"line":296,"column":61}},"77":{"start":{"line":297,"column":6},"end":{"line":297,"column":25}},"78":{"start":{"line":309,"column":0},"end":{"line":330,"column":3}},"79":{"start":{"line":310,"column":4},"end":{"line":329,"column":5}},"80":{"start":{"line":311,"column":21},"end":{"line":311,"column":32}},"81":{"start":{"line":313,"column":8},"end":{"line":324,"column":14}},"82":{"start":{"line":316,"column":16},"end":{"line":320,"column":85}},"83":{"start":{"line":318,"column":24},"end":{"line":318,"column":51}},"84":{"start":{"line":320,"column":36},"end":{"line":320,"column":84}},"85":{"start":{"line":323,"column":16},"end":{"line":323,"column":74}},"86":{"start":{"line":327,"column":6},"end":{"line":327,"column":61}},"87":{"start":{"line":328,"column":6},"end":{"line":328,"column":25}},"88":{"start":{"line":332,"column":0},"end":{"line":347,"column":3}},"89":{"start":{"line":333,"column":4},"end":{"line":346,"column":5}},"90":{"start":{"line":334,"column":21},"end":{"line":334,"column":32}},"91":{"start":{"line":336,"column":8},"end":{"line":342,"column":14}},"92":{"start":{"line":338,"column":16},"end":{"line":338,"column":43}},"93":{"start":{"line":341,"column":16},"end":{"line":341,"column":61}},"94":{"start":{"line":344,"column":6},"end":{"line":344,"column":64}},"95":{"start":{"line":345,"column":6},"end":{"line":345,"column":25}},"96":{"start":{"line":350,"column":0},"end":{"line":382,"column":3}},"97":{"start":{"line":351,"column":17},"end":{"line":351,"column":25}},"98":{"start":{"line":352,"column":4},"end":{"line":352,"column":53}},"99":{"start":{"line":353,"column":4},"end":{"line":381,"column":5}},"100":{"start":{"line":354,"column":8},"end":{"line":377,"column":9}},"101":{"start":{"line":355,"column":12},"end":{"line":355,"column":60}},"102":{"start":{"line":358,"column":31},"end":{"line":358,"column":61}},"103":{"start":{"line":359,"column":25},"end":{"line":362,"column":13}},"104":{"start":{"line":360,"column":33},"end":{"line":360,"column":58}},"105":{"start":{"line":361,"column":16},"end":{"line":361,"column":33}},"106":{"start":{"line":363,"column":30},"end":{"line":363,"column":42}},"107":{"start":{"line":365,"column":12},"end":{"line":365,"column":54}},"108":{"start":{"line":366,"column":12},"end":{"line":375,"column":14}},"109":{"start":{"line":367,"column":16},"end":{"line":367,"column":50}},"110":{"start":{"line":368,"column":16},"end":{"line":374,"column":22}},"111":{"start":{"line":370,"column":24},"end":{"line":373,"column":26}},"112":{"start":{"line":372,"column":28},"end":{"line":372,"column":57}},"113":{"start":{"line":376,"column":12},"end":{"line":376,"column":89}},"114":{"start":{"line":380,"column":8},"end":{"line":380,"column":60}},"115":{"start":{"line":383,"column":23},"end":{"line":393,"column":1}},"116":{"start":{"line":384,"column":4},"end":{"line":392,"column":7}},"117":{"start":{"line":385,"column":8},"end":{"line":391,"column":11}},"118":{"start":{"line":390,"column":42},"end":{"line":390,"column":58}},"119":{"start":{"line":395,"column":0},"end":{"line":417,"column":2}},"120":{"start":{"line":396,"column":4},"end":{"line":416,"column":5}},"121":{"start":{"line":397,"column":23},"end":{"line":397,"column":34}},"122":{"start":{"line":398,"column":8},"end":{"line":400,"column":9}},"123":{"start":{"line":399,"column":12},"end":{"line":399,"column":65}},"124":{"start":{"line":401,"column":8},"end":{"line":411,"column":15}},"125":{"start":{"line":403,"column":16},"end":{"line":407,"column":90}},"126":{"start":{"line":405,"column":24},"end":{"line":405,"column":51}},"127":{"start":{"line":407,"column":36},"end":{"line":407,"column":89}},"128":{"start":{"line":410,"column":16},"end":{"line":410,"column":69}},"129":{"start":{"line":414,"column":6},"end":{"line":414,"column":60}},"130":{"start":{"line":415,"column":6},"end":{"line":415,"column":25}}},"fnMap":{"0":{"name":"(anonymous_0)","decl":{"start":{"line":23,"column":17},"end":{"line":23,"column":18}},"loc":{"start":{"line":23,"column":42},"end":{"line":25,"column":5}},"line":23},"1":{"name":"(anonymous_1)","decl":{"start":{"line":26,"column":14},"end":{"line":26,"column":15}},"loc":{"start":{"line":26,"column":39},"end":{"line":28,"column":5}},"line":26},"2":{"name":"(anonymous_2)","decl":{"start":{"line":105,"column":13},"end":{"line":105,"column":14}},"loc":{"start":{"line":105,"column":27},"end":{"line":107,"column":1}},"line":105},"3":{"name":"(anonymous_3)","decl":{"start":{"line":115,"column":21},"end":{"line":115,"column":22}},"loc":{"start":{"line":115,"column":35},"end":{"line":130,"column":1}},"line":115},"4":{"name":"(anonymous_4)","decl":{"start":{"line":119,"column":15},"end":{"line":119,"column":16}},"loc":{"start":{"line":119,"column":23},"end":{"line":121,"column":11}},"line":119},"5":{"name":"(anonymous_5)","decl":{"start":{"line":122,"column":15},"end":{"line":122,"column":16}},"loc":{"start":{"line":122,"column":24},"end":{"line":124,"column":9}},"line":122},"6":{"name":"(anonymous_6)","decl":{"start":{"line":137,"column":21},"end":{"line":137,"column":22}},"loc":{"start":{"line":137,"column":35},"end":{"line":154,"column":1}},"line":137},"7":{"name":"(anonymous_7)","decl":{"start":{"line":143,"column":19},"end":{"line":143,"column":20}},"loc":{"start":{"line":143,"column":29},"end":{"line":145,"column":13}},"line":143},"8":{"name":"(anonymous_8)","decl":{"start":{"line":146,"column":19},"end":{"line":146,"column":20}},"loc":{"start":{"line":146,"column":28},"end":{"line":148,"column":13}},"line":146},"9":{"name":"(anonymous_9)","decl":{"start":{"line":159,"column":17},"end":{"line":159,"column":18}},"loc":{"start":{"line":159,"column":31},"end":{"line":176,"column":1}},"line":159},"10":{"name":"(anonymous_10)","decl":{"start":{"line":164,"column":18},"end":{"line":164,"column":19}},"loc":{"start":{"line":164,"column":28},"end":{"line":167,"column":13}},"line":164},"11":{"name":"(anonymous_11)","decl":{"start":{"line":168,"column":19},"end":{"line":168,"column":20}},"loc":{"start":{"line":168,"column":28},"end":{"line":170,"column":13}},"line":168},"12":{"name":"(anonymous_12)","decl":{"start":{"line":181,"column":19},"end":{"line":181,"column":20}},"loc":{"start":{"line":181,"column":33},"end":{"line":198,"column":1}},"line":181},"13":{"name":"(anonymous_13)","decl":{"start":{"line":186,"column":18},"end":{"line":186,"column":19}},"loc":{"start":{"line":186,"column":28},"end":{"line":188,"column":13}},"line":186},"14":{"name":"(anonymous_14)","decl":{"start":{"line":189,"column":19},"end":{"line":189,"column":20}},"loc":{"start":{"line":189,"column":28},"end":{"line":191,"column":13}},"line":189},"15":{"name":"(anonymous_15)","decl":{"start":{"line":207,"column":18},"end":{"line":207,"column":19}},"loc":{"start":{"line":207,"column":32},"end":{"line":228,"column":1}},"line":207},"16":{"name":"(anonymous_16)","decl":{"start":{"line":215,"column":18},"end":{"line":215,"column":19}},"loc":{"start":{"line":215,"column":28},"end":{"line":218,"column":13}},"line":215},"17":{"name":"(anonymous_17)","decl":{"start":{"line":219,"column":19},"end":{"line":219,"column":20}},"loc":{"start":{"line":219,"column":28},"end":{"line":221,"column":13}},"line":219},"18":{"name":"(anonymous_18)","decl":{"start":{"line":230,"column":19},"end":{"line":230,"column":20}},"loc":{"start":{"line":230,"column":33},"end":{"line":244,"column":1}},"line":230},"19":{"name":"(anonymous_19)","decl":{"start":{"line":236,"column":18},"end":{"line":236,"column":19}},"loc":{"start":{"line":236,"column":28},"end":{"line":238,"column":13}},"line":236},"20":{"name":"(anonymous_20)","decl":{"start":{"line":256,"column":18},"end":{"line":256,"column":19}},"loc":{"start":{"line":256,"column":32},"end":{"line":272,"column":1}},"line":256},"21":{"name":"(anonymous_21)","decl":{"start":{"line":261,"column":18},"end":{"line":261,"column":19}},"loc":{"start":{"line":261,"column":28},"end":{"line":263,"column":13}},"line":261},"22":{"name":"(anonymous_22)","decl":{"start":{"line":264,"column":19},"end":{"line":264,"column":20}},"loc":{"start":{"line":264,"column":28},"end":{"line":266,"column":13}},"line":264},"23":{"name":"(anonymous_23)","decl":{"start":{"line":282,"column":20},"end":{"line":282,"column":21}},"loc":{"start":{"line":282,"column":34},"end":{"line":301,"column":1}},"line":282},"24":{"name":"(anonymous_24)","decl":{"start":{"line":288,"column":18},"end":{"line":288,"column":19}},"loc":{"start":{"line":288,"column":28},"end":{"line":290,"column":13}},"line":288},"25":{"name":"(anonymous_25)","decl":{"start":{"line":291,"column":19},"end":{"line":291,"column":20}},"loc":{"start":{"line":291,"column":28},"end":{"line":293,"column":13}},"line":291},"26":{"name":"(anonymous_26)","decl":{"start":{"line":309,"column":20},"end":{"line":309,"column":21}},"loc":{"start":{"line":309,"column":34},"end":{"line":330,"column":1}},"line":309},"27":{"name":"(anonymous_27)","decl":{"start":{"line":314,"column":18},"end":{"line":314,"column":19}},"loc":{"start":{"line":314,"column":28},"end":{"line":321,"column":13}},"line":314},"28":{"name":"(anonymous_28)","decl":{"start":{"line":317,"column":26},"end":{"line":317,"column":27}},"loc":{"start":{"line":317,"column":36},"end":{"line":319,"column":21}},"line":317},"29":{"name":"(anonymous_29)","decl":{"start":{"line":320,"column":27},"end":{"line":320,"column":28}},"loc":{"start":{"line":320,"column":36},"end":{"line":320,"column":84}},"line":320},"30":{"name":"(anonymous_30)","decl":{"start":{"line":322,"column":19},"end":{"line":322,"column":20}},"loc":{"start":{"line":322,"column":28},"end":{"line":324,"column":13}},"line":322},"31":{"name":"(anonymous_31)","decl":{"start":{"line":332,"column":17},"end":{"line":332,"column":18}},"loc":{"start":{"line":332,"column":31},"end":{"line":347,"column":1}},"line":332},"32":{"name":"(anonymous_32)","decl":{"start":{"line":337,"column":18},"end":{"line":337,"column":19}},"loc":{"start":{"line":337,"column":28},"end":{"line":339,"column":13}},"line":337},"33":{"name":"(anonymous_33)","decl":{"start":{"line":340,"column":19},"end":{"line":340,"column":20}},"loc":{"start":{"line":340,"column":28},"end":{"line":342,"column":13}},"line":340},"34":{"name":"(anonymous_34)","decl":{"start":{"line":350,"column":43},"end":{"line":350,"column":44}},"loc":{"start":{"line":350,"column":63},"end":{"line":382,"column":1}},"line":350},"35":{"name":"(anonymous_35)","decl":{"start":{"line":359,"column":25},"end":{"line":359,"column":26}},"loc":{"start":{"line":359,"column":37},"end":{"line":362,"column":13}},"line":359},"36":{"name":"(anonymous_36)","decl":{"start":{"line":366,"column":31},"end":{"line":366,"column":32}},"loc":{"start":{"line":366,"column":39},"end":{"line":375,"column":13}},"line":366},"37":{"name":"(anonymous_37)","decl":{"start":{"line":369,"column":26},"end":{"line":369,"column":27}},"loc":{"start":{"line":369,"column":32},"end":{"line":374,"column":21}},"line":369},"38":{"name":"(anonymous_38)","decl":{"start":{"line":371,"column":30},"end":{"line":371,"column":31}},"loc":{"start":{"line":371,"column":36},"end":{"line":373,"column":25}},"line":371},"39":{"name":"(anonymous_39)","decl":{"start":{"line":383,"column":23},"end":{"line":383,"column":24}},"loc":{"start":{"line":383,"column":43},"end":{"line":393,"column":1}},"line":383},"40":{"name":"(anonymous_40)","decl":{"start":{"line":384,"column":23},"end":{"line":384,"column":24}},"loc":{"start":{"line":384,"column":44},"end":{"line":392,"column":5}},"line":384},"41":{"name":"(anonymous_41)","decl":{"start":{"line":390,"column":22},"end":{"line":390,"column":23}},"loc":{"start":{"line":390,"column":41},"end":{"line":390,"column":59}},"line":390},"42":{"name":"(anonymous_42)","decl":{"start":{"line":395,"column":19},"end":{"line":395,"column":20}},"loc":{"start":{"line":395,"column":33},"end":{"line":417,"column":1}},"line":395},"43":{"name":"(anonymous_43)","decl":{"start":{"line":402,"column":18},"end":{"line":402,"column":19}},"loc":{"start":{"line":402,"column":28},"end":{"line":408,"column":13}},"line":402},"44":{"name":"(anonymous_44)","decl":{"start":{"line":404,"column":26},"end":{"line":404,"column":27}},"loc":{"start":{"line":404,"column":36},"end":{"line":406,"column":21}},"line":404},"45":{"name":"(anonymous_45)","decl":{"start":{"line":407,"column":27},"end":{"line":407,"column":28}},"loc":{"start":{"line":407,"column":36},"end":{"line":407,"column":89}},"line":407},"46":{"name":"(anonymous_46)","decl":{"start":{"line":409,"column":19},"end":{"line":409,"column":20}},"loc":{"start":{"line":409,"column":28},"end":{"line":411,"column":13}},"line":409}},"branchMap":{"0":{"loc":{"start":{"line":354,"column":8},"end":{"line":377,"column":9}},"type":"if","locations":[{"start":{"line":354,"column":8},"end":{"line":377,"column":9}},{"start":{"line":357,"column":13},"end":{"line":377,"column":9}}],"line":354},"1":{"loc":{"start":{"line":398,"column":8},"end":{"line":400,"column":9}},"type":"if","locations":[{"start":{"line":398,"column":8},"end":{"line":400,"column":9}},{"start":{},"end":{}}],"line":398}},"s":{"0":2,"1":2,"2":0,"3":0,"4":2,"5":2,"6":2,"7":2,"8":2,"9":2,"10":2,"11":1,"12":2,"13":2,"14":2,"15":2,"16":0,"17":0,"18":0,"19":2,"20":3,"21":3,"22":3,"23":3,"24":0,"25":0,"26":0,"27":2,"28":0,"29":0,"30":0,"31":0,"32":0,"33":0,"34":0,"35":0,"36":2,"37":0,"38":0,"39":0,"40":0,"41":0,"42":0,"43":0,"44":2,"45":2,"46":2,"47":2,"48":1,"49":1,"50":1,"51":0,"52":1,"53":1,"54":2,"55":1,"56":1,"57":1,"58":1,"59":0,"60":1,"61":1,"62":2,"63":0,"64":0,"65":0,"66":0,"67":0,"68":0,"69":0,"70":2,"71":0,"72":0,"73":0,"74":0,"75":0,"76":0,"77":0,"78":2,"79":4,"80":4,"81":4,"82":1,"83":1,"84":0,"85":3,"86":0,"87":0,"88":2,"89":2,"90":2,"91":2,"92":1,"93":1,"94":0,"95":0,"96":2,"97":1,"98":1,"99":1,"100":1,"101":1,"102":0,"103":0,"104":0,"105":0,"106":0,"107":0,"108":0,"109":0,"110":0,"111":0,"112":0,"113":0,"114":0,"115":2,"116":0,"117":0,"118":0,"119":2,"120":1,"121":1,"122":1,"123":1,"124":1,"125":1,"126":1,"127":1,"128":0,"129":0,"130":0},"f":{"0":0,"1":0,"2":1,"3":2,"4":2,"5":0,"6":3,"7":3,"8":0,"9":0,"10":0,"11":0,"12":0,"13":0,"14":0,"15":2,"16":1,"17":0,"18":1,"19":0,"20":0,"21":0,"22":0,"23":0,"24":0,"25":0,"26":4,"27":1,"28":1,"29":0,"30":3,"31":2,"32":1,"33":1,"34":1,"35":0,"36":0,"37":0,"38":0,"39":0,"40":0,"41":0,"42":1,"43":1,"44":1,"45":1,"46":0},"b":{"0":[1,0],"1":[1,0]},"_coverageSchema":"1a1c01bbd47fc00a2c39e90264f33305004495a9","hash":"d70ff9d374ecf097fe7c6165f16a9aef61e6da29"}
,"/home/ArtemisDevOps/Arkham-Dev/Arkham-api/knexfile.js": {"path":"/home/ArtemisDevOps/Arkham-Dev/Arkham-api/knexfile.js","statementMap":{"0":{"start":{"line":15,"column":27},"end":{"line":18,"column":1}},"1":{"start":{"line":20,"column":23},"end":{"line":34,"column":1}},"2":{"start":{"line":35,"column":26},"end":{"line":49,"column":1}}},"fnMap":{},"branchMap":{},"s":{"0":3,"1":3,"2":3},"f":{},"b":{},"_coverageSchema":"1a1c01bbd47fc00a2c39e90264f33305004495a9","hash":"12b1c3920b0816468b258227ed66f54606e1e723"}
,"/home/ArtemisDevOps/Arkham-Dev/Arkham-api/controllers/index.js": {"path":"/home/ArtemisDevOps/Arkham-Dev/Arkham-api/controllers/index.js","statementMap":{"0":{"start":{"line":10,"column":18},"end":{"line":10,"column":35}},"1":{"start":{"line":20,"column":8},"end":{"line":23,"column":27}},"2":{"start":{"line":27,"column":8},"end":{"line":30,"column":27}},"3":{"start":{"line":36,"column":24},"end":{"line":36,"column":52}},"4":{"start":{"line":37,"column":26},"end":{"line":37,"column":66}},"5":{"start":{"line":38,"column":27},"end":{"line":38,"column":68}},"6":{"start":{"line":39,"column":26},"end":{"line":39,"column":70}},"7":{"start":{"line":40,"column":27},"end":{"line":40,"column":57}},"8":{"start":{"line":41,"column":26},"end":{"line":41,"column":54}},"9":{"start":{"line":43,"column":8},"end":{"line":46,"column":27}},"10":{"start":{"line":54,"column":8},"end":{"line":56,"column":27}},"11":{"start":{"line":60,"column":8},"end":{"line":64,"column":19}},"12":{"start":{"line":76,"column":8},"end":{"line":80,"column":18}},"13":{"start":{"line":85,"column":8},"end":{"line":88,"column":19}},"14":{"start":{"line":92,"column":8},"end":{"line":94,"column":19}},"15":{"start":{"line":98,"column":8},"end":{"line":100,"column":18}},"16":{"start":{"line":116,"column":8},"end":{"line":119,"column":28}},"17":{"start":{"line":136,"column":12},"end":{"line":140,"column":37}},"18":{"start":{"line":146,"column":24},"end":{"line":146,"column":45}},"19":{"start":{"line":149,"column":8},"end":{"line":152,"column":27}},"20":{"start":{"line":157,"column":8},"end":{"line":161,"column":25}}},"fnMap":{"0":{"name":"(anonymous_0)","decl":{"start":{"line":15,"column":4},"end":{"line":15,"column":5}},"loc":{"start":{"line":15,"column":18},"end":{"line":16,"column":5}},"line":15},"1":{"name":"(anonymous_1)","decl":{"start":{"line":19,"column":4},"end":{"line":19,"column":5}},"loc":{"start":{"line":19,"column":25},"end":{"line":24,"column":5}},"line":19},"2":{"name":"(anonymous_2)","decl":{"start":{"line":26,"column":4},"end":{"line":26,"column":5}},"loc":{"start":{"line":26,"column":25},"end":{"line":31,"column":5}},"line":26},"3":{"name":"(anonymous_3)","decl":{"start":{"line":34,"column":4},"end":{"line":34,"column":5}},"loc":{"start":{"line":34,"column":25},"end":{"line":47,"column":5}},"line":34},"4":{"name":"(anonymous_4)","decl":{"start":{"line":49,"column":4},"end":{"line":49,"column":5}},"loc":{"start":{"line":49,"column":29},"end":{"line":57,"column":5}},"line":49},"5":{"name":"(anonymous_5)","decl":{"start":{"line":59,"column":4},"end":{"line":59,"column":5}},"loc":{"start":{"line":59,"column":29},"end":{"line":65,"column":5}},"line":59},"6":{"name":"(anonymous_6)","decl":{"start":{"line":74,"column":4},"end":{"line":74,"column":5}},"loc":{"start":{"line":74,"column":38},"end":{"line":81,"column":5}},"line":74},"7":{"name":"(anonymous_7)","decl":{"start":{"line":83,"column":4},"end":{"line":83,"column":5}},"loc":{"start":{"line":83,"column":23},"end":{"line":89,"column":5}},"line":83},"8":{"name":"(anonymous_8)","decl":{"start":{"line":91,"column":4},"end":{"line":91,"column":5}},"loc":{"start":{"line":91,"column":28},"end":{"line":95,"column":5}},"line":91},"9":{"name":"(anonymous_9)","decl":{"start":{"line":97,"column":4},"end":{"line":97,"column":5}},"loc":{"start":{"line":97,"column":28},"end":{"line":101,"column":5}},"line":97},"10":{"name":"(anonymous_10)","decl":{"start":{"line":115,"column":4},"end":{"line":115,"column":5}},"loc":{"start":{"line":115,"column":23},"end":{"line":120,"column":5}},"line":115},"11":{"name":"(anonymous_11)","decl":{"start":{"line":122,"column":4},"end":{"line":122,"column":5}},"loc":{"start":{"line":122,"column":29},"end":{"line":142,"column":5}},"line":122},"12":{"name":"(anonymous_12)","decl":{"start":{"line":144,"column":4},"end":{"line":144,"column":5}},"loc":{"start":{"line":144,"column":27},"end":{"line":154,"column":5}},"line":144},"13":{"name":"(anonymous_13)","decl":{"start":{"line":156,"column":4},"end":{"line":156,"column":5}},"loc":{"start":{"line":156,"column":27},"end":{"line":162,"column":5}},"line":156}},"branchMap":{"0":{"loc":{"start":{"line":36,"column":24},"end":{"line":36,"column":52}},"type":"cond-expr","locations":[{"start":{"line":36,"column":34},"end":{"line":36,"column":41}},{"start":{"line":36,"column":44},"end":{"line":36,"column":52}}],"line":36},"1":{"loc":{"start":{"line":37,"column":26},"end":{"line":37,"column":66}},"type":"cond-expr","locations":[{"start":{"line":37,"column":38},"end":{"line":37,"column":47}},{"start":{"line":37,"column":50},"end":{"line":37,"column":66}}],"line":37},"2":{"loc":{"start":{"line":38,"column":27},"end":{"line":38,"column":68}},"type":"cond-expr","locations":[{"start":{"line":38,"column":40},"end":{"line":38,"column":50}},{"start":{"line":38,"column":53},"end":{"line":38,"column":68}}],"line":38},"3":{"loc":{"start":{"line":39,"column":26},"end":{"line":39,"column":70}},"type":"cond-expr","locations":[{"start":{"line":39,"column":44},"end":{"line":39,"column":59}},{"start":{"line":39,"column":62},"end":{"line":39,"column":70}}],"line":39},"4":{"loc":{"start":{"line":40,"column":27},"end":{"line":40,"column":57}},"type":"cond-expr","locations":[{"start":{"line":40,"column":40},"end":{"line":40,"column":50}},{"start":{"line":40,"column":53},"end":{"line":40,"column":57}}],"line":40},"5":{"loc":{"start":{"line":41,"column":26},"end":{"line":41,"column":54}},"type":"cond-expr","locations":[{"start":{"line":41,"column":38},"end":{"line":41,"column":47}},{"start":{"line":41,"column":50},"end":{"line":41,"column":54}}],"line":41},"6":{"loc":{"start":{"line":146,"column":24},"end":{"line":146,"column":45}},"type":"cond-expr","locations":[{"start":{"line":146,"column":34},"end":{"line":146,"column":41}},{"start":{"line":146,"column":44},"end":{"line":146,"column":45}}],"line":146}},"s":{"0":3,"1":3,"2":4,"3":6,"4":6,"5":6,"6":6,"7":6,"8":6,"9":6,"10":1,"11":1,"12":4,"13":20,"14":1,"15":1,"16":6,"17":1,"18":1,"19":1,"20":0},"f":{"0":0,"1":3,"2":4,"3":6,"4":1,"5":1,"6":4,"7":20,"8":1,"9":1,"10":6,"11":1,"12":1,"13":0},"b":{"0":[6,0],"1":[6,0],"2":[6,0],"3":[0,6],"4":[0,6],"5":[0,6],"6":[1,0]},"_coverageSchema":"1a1c01bbd47fc00a2c39e90264f33305004495a9","hash":"5bff9b5793a74f8e03d48eb3a6005c670d0e76eb"}
}
