TN:
SF:app.js
FN:81,(anonymous_0)
FN:91,(anonymous_1)
FN:95,(anonymous_2)
FN:98,(anonymous_3)
FN:113,(anonymous_4)
FN:117,(anonymous_5)
FN:120,(anonymous_6)
FN:131,(anonymous_7)
FN:136,(anonymous_8)
FN:139,(anonymous_9)
FN:150,(anonymous_10)
FN:155,(anonymous_11)
FN:158,(anonymous_12)
FN:171,(anonymous_13)
FN:177,(anonymous_14)
FN:180,(anonymous_15)
FN:192,(anonymous_16)
FN:197,(anonymous_17)
FN:200,(anonymous_18)
FN:218,(anonymous_19)
FN:226,(anonymous_20)
FN:230,(anonymous_21)
FN:251,(anonymous_22)
FN:256,(anonymous_23)
FN:259,(anonymous_24)
FN:277,(anonymous_25)
FN:283,(anonymous_26)
FN:286,(anonymous_27)
FN:304,(anonymous_28)
FN:309,(anonymous_29)
FN:312,(anonymous_30)
FN:315,(anonymous_31)
FN:317,(anonymous_32)
FNF:33
FNH:11
FNDA:1,(anonymous_0)
FNDA:2,(anonymous_1)
FNDA:0,(anonymous_2)
FNDA:2,(anonymous_3)
FNDA:2,(anonymous_4)
FNDA:0,(anonymous_5)
FNDA:2,(anonymous_6)
FNDA:1,(anonymous_7)
FNDA:0,(anonymous_8)
FNDA:1,(anonymous_9)
FNDA:0,(anonymous_10)
FNDA:0,(anonymous_11)
FNDA:0,(anonymous_12)
FNDA:0,(anonymous_13)
FNDA:0,(anonymous_14)
FNDA:0,(anonymous_15)
FNDA:0,(anonymous_16)
FNDA:0,(anonymous_17)
FNDA:0,(anonymous_18)
FNDA:1,(anonymous_19)
FNDA:0,(anonymous_20)
FNDA:1,(anonymous_21)
FNDA:0,(anonymous_22)
FNDA:0,(anonymous_23)
FNDA:0,(anonymous_24)
FNDA:0,(anonymous_25)
FNDA:0,(anonymous_26)
FNDA:0,(anonymous_27)
FNDA:2,(anonymous_28)
FNDA:0,(anonymous_29)
FNDA:0,(anonymous_30)
FNDA:0,(anonymous_31)
FNDA:2,(anonymous_32)
DA:13,3
DA:17,3
DA:23,3
DA:25,3
DA:26,3
DA:28,3
DA:81,3
DA:82,1
DA:91,3
DA:93,2
DA:94,2
DA:96,0
DA:99,2
DA:103,0
DA:104,0
DA:113,3
DA:115,2
DA:116,2
DA:118,0
DA:121,2
DA:125,0
DA:126,0
DA:131,3
DA:132,1
DA:133,1
DA:135,1
DA:137,0
DA:140,1
DA:144,0
DA:145,0
DA:150,3
DA:151,0
DA:152,0
DA:154,0
DA:156,0
DA:159,0
DA:163,0
DA:164,0
DA:171,3
DA:172,0
DA:173,0
DA:176,0
DA:178,0
DA:181,0
DA:185,0
DA:186,0
DA:192,3
DA:193,0
DA:194,0
DA:196,0
DA:198,0
DA:201,0
DA:205,0
DA:206,0
DA:218,3
DA:222,1
DA:223,1
DA:224,1
DA:225,1
DA:227,0
DA:228,0
DA:231,1
DA:235,0
DA:236,0
DA:251,3
DA:252,0
DA:253,0
DA:255,0
DA:257,0
DA:260,0
DA:264,0
DA:265,0
DA:277,3
DA:279,0
DA:280,0
DA:282,0
DA:284,0
DA:287,0
DA:291,0
DA:292,0
DA:304,3
DA:305,2
DA:306,2
DA:308,2
DA:311,0
DA:313,0
DA:315,0
DA:318,2
DA:322,0
DA:323,0
LF:90
LH:37
BRF:0
BRH:0
end_of_record
TN:
SF:knexfile.js
FNF:0
FNH:0
DA:15,3
DA:20,3
DA:35,3
LF:3
LH:3
BRF:0
BRH:0
end_of_record
TN:
SF:controllers/index.js
FN:15,(anonymous_0)
FN:19,(anonymous_1)
FN:26,(anonymous_2)
FN:34,(anonymous_3)
FN:41,(anonymous_4)
FN:51,(anonymous_5)
FN:66,(anonymous_6)
FN:75,(anonymous_7)
FN:94,(anonymous_8)
FN:101,(anonymous_9)
FN:109,(anonymous_10)
FNF:11
FNH:9
FNDA:0,(anonymous_0)
FNDA:3,(anonymous_1)
FNDA:3,(anonymous_2)
FNDA:3,(anonymous_3)
FNDA:2,(anonymous_4)
FNDA:1,(anonymous_5)
FNDA:2,(anonymous_6)
FNDA:1,(anonymous_7)
FNDA:2,(anonymous_8)
FNDA:0,(anonymous_9)
FNDA:1,(anonymous_10)
DA:10,3
DA:20,3
DA:27,3
DA:36,3
DA:45,2
DA:46,2
DA:52,1
DA:67,2
DA:68,2
DA:76,1
DA:95,2
DA:102,0
DA:110,1
LF:13
LH:12
BRF:0
BRH:0
end_of_record
