TN:
SF:app.js
FN:23,(anonymous_0)
FN:26,(anonymous_1)
FN:105,(anonymous_2)
FN:115,(anonymous_3)
FN:119,(anonymous_4)
FN:122,(anonymous_5)
FN:137,(anonymous_6)
FN:143,(anonymous_7)
FN:146,(anonymous_8)
FN:159,(anonymous_9)
FN:164,(anonymous_10)
FN:168,(anonymous_11)
FN:181,(anonymous_12)
FN:186,(anonymous_13)
FN:189,(anonymous_14)
FN:207,(anonymous_15)
FN:215,(anonymous_16)
FN:219,(anonymous_17)
FN:230,(anonymous_18)
FN:236,(anonymous_19)
FN:256,(anonymous_20)
FN:261,(anonymous_21)
FN:264,(anonymous_22)
FN:282,(anonymous_23)
FN:288,(anonymous_24)
FN:291,(anonymous_25)
FN:309,(anonymous_26)
FN:314,(anonymous_27)
FN:317,(anonymous_28)
FN:320,(anonymous_29)
FN:322,(anonymous_30)
FN:332,(anonymous_31)
FN:337,(anonymous_32)
FN:340,(anonymous_33)
FN:350,(anonymous_34)
FN:359,(anonymous_35)
FN:366,(anonymous_36)
FN:369,(anonymous_37)
FN:371,(anonymous_38)
FN:383,(anonymous_39)
FN:384,(anonymous_40)
FN:390,(anonymous_41)
FN:395,(anonymous_42)
FN:402,(anonymous_43)
FN:404,(anonymous_44)
FN:407,(anonymous_45)
FN:409,(anonymous_46)
FNF:47
FNH:20
FNDA:0,(anonymous_0)
FNDA:0,(anonymous_1)
FNDA:1,(anonymous_2)
FNDA:2,(anonymous_3)
FNDA:2,(anonymous_4)
FNDA:0,(anonymous_5)
FNDA:3,(anonymous_6)
FNDA:3,(anonymous_7)
FNDA:0,(anonymous_8)
FNDA:0,(anonymous_9)
FNDA:0,(anonymous_10)
FNDA:0,(anonymous_11)
FNDA:0,(anonymous_12)
FNDA:0,(anonymous_13)
FNDA:0,(anonymous_14)
FNDA:2,(anonymous_15)
FNDA:1,(anonymous_16)
FNDA:0,(anonymous_17)
FNDA:1,(anonymous_18)
FNDA:0,(anonymous_19)
FNDA:0,(anonymous_20)
FNDA:0,(anonymous_21)
FNDA:0,(anonymous_22)
FNDA:0,(anonymous_23)
FNDA:0,(anonymous_24)
FNDA:0,(anonymous_25)
FNDA:4,(anonymous_26)
FNDA:1,(anonymous_27)
FNDA:1,(anonymous_28)
FNDA:0,(anonymous_29)
FNDA:3,(anonymous_30)
FNDA:2,(anonymous_31)
FNDA:1,(anonymous_32)
FNDA:1,(anonymous_33)
FNDA:1,(anonymous_34)
FNDA:0,(anonymous_35)
FNDA:0,(anonymous_36)
FNDA:0,(anonymous_37)
FNDA:0,(anonymous_38)
FNDA:0,(anonymous_39)
FNDA:0,(anonymous_40)
FNDA:0,(anonymous_41)
FNDA:1,(anonymous_42)
FNDA:1,(anonymous_43)
FNDA:1,(anonymous_44)
FNDA:1,(anonymous_45)
FNDA:0,(anonymous_46)
DA:19,2
DA:22,2
DA:24,0
DA:27,0
DA:31,2
DA:36,2
DA:46,2
DA:48,2
DA:49,2
DA:52,2
DA:105,2
DA:106,1
DA:115,2
DA:117,2
DA:118,2
DA:120,2
DA:123,0
DA:127,0
DA:128,0
DA:137,2
DA:139,3
DA:140,3
DA:142,3
DA:144,3
DA:147,0
DA:151,0
DA:152,0
DA:159,2
DA:160,0
DA:161,0
DA:163,0
DA:165,0
DA:166,0
DA:169,0
DA:173,0
DA:174,0
DA:181,2
DA:182,0
DA:183,0
DA:185,0
DA:187,0
DA:190,0
DA:194,0
DA:195,0
DA:207,2
DA:211,2
DA:212,2
DA:213,2
DA:214,1
DA:216,1
DA:217,1
DA:220,0
DA:224,1
DA:225,1
DA:230,2
DA:231,1
DA:232,1
DA:233,1
DA:235,1
DA:237,0
DA:241,1
DA:242,1
DA:256,2
DA:257,0
DA:258,0
DA:260,0
DA:262,0
DA:265,0
DA:269,0
DA:270,0
DA:282,2
DA:284,0
DA:285,0
DA:287,0
DA:289,0
DA:292,0
DA:296,0
DA:297,0
DA:309,2
DA:310,4
DA:311,4
DA:313,4
DA:316,1
DA:318,1
DA:320,0
DA:323,3
DA:327,0
DA:328,0
DA:332,2
DA:333,2
DA:334,2
DA:336,2
DA:338,1
DA:341,1
DA:344,0
DA:345,0
DA:350,2
DA:351,1
DA:352,1
DA:353,1
DA:354,1
DA:355,1
DA:358,0
DA:359,0
DA:360,0
DA:361,0
DA:363,0
DA:365,0
DA:366,0
DA:367,0
DA:368,0
DA:370,0
DA:372,0
DA:376,0
DA:380,0
DA:383,2
DA:384,0
DA:385,0
DA:390,0
DA:395,2
DA:396,1
DA:397,1
DA:398,1
DA:399,1
DA:401,1
DA:403,1
DA:405,1
DA:407,1
DA:410,0
DA:414,0
DA:415,0
LF:131
LH:68
BRDA:354,0,0,1
BRDA:354,0,1,0
BRDA:398,1,0,1
BRDA:398,1,1,0
BRF:4
BRH:2
end_of_record
TN:
SF:knexfile.js
FNF:0
FNH:0
DA:15,3
DA:20,3
DA:35,3
LF:3
LH:3
BRF:0
BRH:0
end_of_record
TN:
SF:controllers/index.js
FN:15,(anonymous_0)
FN:19,(anonymous_1)
FN:26,(anonymous_2)
FN:34,(anonymous_3)
FN:49,(anonymous_4)
FN:59,(anonymous_5)
FN:74,(anonymous_6)
FN:83,(anonymous_7)
FN:91,(anonymous_8)
FN:97,(anonymous_9)
FN:115,(anonymous_10)
FN:122,(anonymous_11)
FN:144,(anonymous_12)
FN:156,(anonymous_13)
FNF:14
FNH:12
FNDA:0,(anonymous_0)
FNDA:3,(anonymous_1)
FNDA:4,(anonymous_2)
FNDA:6,(anonymous_3)
FNDA:1,(anonymous_4)
FNDA:1,(anonymous_5)
FNDA:4,(anonymous_6)
FNDA:20,(anonymous_7)
FNDA:1,(anonymous_8)
FNDA:1,(anonymous_9)
FNDA:6,(anonymous_10)
FNDA:1,(anonymous_11)
FNDA:1,(anonymous_12)
FNDA:0,(anonymous_13)
DA:10,3
DA:20,3
DA:27,4
DA:36,6
DA:37,6
DA:38,6
DA:39,6
DA:40,6
DA:41,6
DA:43,6
DA:54,1
DA:60,1
DA:76,4
DA:85,20
DA:92,1
DA:98,1
DA:116,6
DA:136,1
DA:146,1
DA:149,1
DA:157,0
LF:21
LH:20
BRDA:36,0,0,6
BRDA:36,0,1,0
BRDA:37,1,0,6
BRDA:37,1,1,0
BRDA:38,2,0,6
BRDA:38,2,1,0
BRDA:39,3,0,0
BRDA:39,3,1,6
BRDA:40,4,0,0
BRDA:40,4,1,6
BRDA:41,5,0,0
BRDA:41,5,1,6
BRDA:146,6,0,1
BRDA:146,6,1,0
BRF:14
BRH:7
end_of_record
